<?xml version="1.0" encoding="UTF-8"?>
<!-- Generated by org.testng.reporters.JUnitReportReporter -->
<testsuite skipped="0" hostname="DESKTOP-PN2CVUD" name="AutomationTesting" tests="1" failures="0" timestamp="16 Jul 2019 11:50:55 GMT" time="14.891" errors="0">
  <testcase name="runner" time="14.891" classname="AutomationTesting"/>
</testsuite> <!-- AutomationTesting -->
